<?xml version="1.0" encoding="UTF-8"?>
<!-- Generated by org.testng.reporters.JUnitXMLReporter -->
<testsuite ignored="0" hostname="Muhammads-MacBook-Pro-2.local" failures="0" tests="3" name="Signin" time="41.194" errors="0" timestamp="2023-05-25T00:19:51 PKT">
  <testcase classname="interView.Main" name="functionOne" time="6.842"/>
  <testcase classname="interView.Main" name="functionTwo" time="16.243"/>
  <testcase classname="interView.Main" name="functionThree" time="0.973"/>
</testsuite> <!-- Signin -->
